Using pre-set license
Built from '2022.3/staging' branch; Version is '2022.3.2f1 (d74737c6db50) revision 14108471'; Using compiler version '192829333'; Build Type 'Release'
OS: 'Windows 11  (10.0.22621) 64bit Core' Language: 'en' Physical Memory: 16090 MB
BatchMode: 1, IsHumanControllingUs: 0, StartBugReporterOnCrash: 0, Is64bit: 1, IsPro: 1

COMMAND LINE ARGUMENTS:
C:\Program Files\Unity\Hub\Editor\2022.3.2f1\Editor\Unity.exe
-adb2
-batchMode
-noUpm
-name
AssetImportWorker2
-projectPath
C:/Users/ievar/Documents/GitHub/M2M-Golf
-logFile
Logs/AssetImportWorker2.log
-srvPort
50653
Successfully changed project path to: C:/Users/ievar/Documents/GitHub/M2M-Golf
C:/Users/ievar/Documents/GitHub/M2M-Golf
[UnityMemory] Configuration Parameters - Can be set up in boot.config
    "memorysetup-bucket-allocator-granularity=16"
    "memorysetup-bucket-allocator-bucket-count=8"
    "memorysetup-bucket-allocator-block-size=33554432"
    "memorysetup-bucket-allocator-block-count=8"
    "memorysetup-main-allocator-block-size=16777216"
    "memorysetup-thread-allocator-block-size=16777216"
    "memorysetup-gfx-main-allocator-block-size=16777216"
    "memorysetup-gfx-thread-allocator-block-size=16777216"
    "memorysetup-cache-allocator-block-size=4194304"
    "memorysetup-typetree-allocator-block-size=2097152"
    "memorysetup-profiler-bucket-allocator-granularity=16"
    "memorysetup-profiler-bucket-allocator-bucket-count=8"
    "memorysetup-profiler-bucket-allocator-block-size=33554432"
    "memorysetup-profiler-bucket-allocator-block-count=8"
    "memorysetup-profiler-allocator-block-size=16777216"
    "memorysetup-profiler-editor-allocator-block-size=1048576"
    "memorysetup-temp-allocator-size-main=16777216"
    "memorysetup-job-temp-allocator-block-size=2097152"
    "memorysetup-job-temp-allocator-block-size-background=1048576"
    "memorysetup-job-temp-allocator-reduction-small-platforms=262144"
    "memorysetup-allocator-temp-initial-block-size-main=262144"
    "memorysetup-allocator-temp-initial-block-size-worker=262144"
    "memorysetup-temp-allocator-size-background-worker=32768"
    "memorysetup-temp-allocator-size-job-worker=262144"
    "memorysetup-temp-allocator-size-preload-manager=33554432"
    "memorysetup-temp-allocator-size-nav-mesh-worker=65536"
    "memorysetup-temp-allocator-size-audio-worker=65536"
    "memorysetup-temp-allocator-size-cloud-worker=32768"
    "memorysetup-temp-allocator-size-gi-baking-worker=262144"
    "memorysetup-temp-allocator-size-gfx=262144"
Player connection [22540] Host "[IP] 192.168.4.86 [Port] 0 [Flags] 2 [Guid] 3728879711 [EditorId] 3728879711 [Version] 1048832 [Id] WindowsEditor(7,DESKTOP-QHOM71E) [Debug] 1 [PackageName] WindowsEditor [ProjectName] Editor" joined multi-casting on [225.0.0.222:54997]...

Player connection [22540] Host "[IP] 192.168.4.86 [Port] 0 [Flags] 2 [Guid] 3728879711 [EditorId] 3728879711 [Version] 1048832 [Id] WindowsEditor(7,DESKTOP-QHOM71E) [Debug] 1 [PackageName] WindowsEditor [ProjectName] Editor" joined alternative multi-casting on [225.0.0.222:34997]...

Refreshing native plugins compatible for Editor in 19.96 ms, found 4 plugins.
Preloading 0 native plugins for Editor in 0.00 ms.
Initialize engine version: 2022.3.2f1 (d74737c6db50)
[Subsystems] Discovering subsystems at path C:/Program Files/Unity/Hub/Editor/2022.3.2f1/Editor/Data/Resources/UnitySubsystems
[Subsystems] Discovering subsystems at path C:/Users/ievar/Documents/GitHub/M2M-Golf/Assets
GfxDevice: creating device client; threaded=0; jobified=0
Direct3D:
    Version:  Direct3D 11.0 [level 11.1]
    Renderer: Intel(R) Iris(R) Xe Graphics (ID=0x9a49)
    Vendor:   Intel
    VRAM:     8045 MB
    Driver:   31.0.101.4502
Initialize mono
Mono path[0] = 'C:/Program Files/Unity/Hub/Editor/2022.3.2f1/Editor/Data/Managed'
Mono path[1] = 'C:/Program Files/Unity/Hub/Editor/2022.3.2f1/Editor/Data/MonoBleedingEdge/lib/mono/unityjit-win32'
Mono config path = 'C:/Program Files/Unity/Hub/Editor/2022.3.2f1/Editor/Data/MonoBleedingEdge/etc'
Using monoOptions --debugger-agent=transport=dt_socket,embedding=1,server=y,suspend=n,address=127.0.0.1:56724
Begin MonoManager ReloadAssembly
Registering precompiled unity dll's ...
Register platform support module: C:/Program Files/Unity/Hub/Editor/2022.3.2f1/Editor/Data/PlaybackEngines/WindowsStandaloneSupport/UnityEditor.WindowsStandalone.Extensions.dll
Registered in 0.009482 seconds.
- Loaded All Assemblies, in  0.719 seconds
Native extension for WindowsStandalone target not found
Mono: successfully reloaded assembly
- Finished resetting the current domain, in  0.584 seconds
Domain Reload Profiling: 1300ms
	BeginReloadAssembly (150ms)
		ExecutionOrderSort (0ms)
		DisableScriptedObjects (0ms)
		BackupInstance (0ms)
		ReleaseScriptingObjects (0ms)
		CreateAndSetChildDomain (1ms)
	RebuildCommonClasses (76ms)
	RebuildNativeTypeToScriptingClass (27ms)
	initialDomainReloadingComplete (107ms)
	LoadAllAssembliesAndSetupDomain (355ms)
		LoadAssemblies (147ms)
		RebuildTransferFunctionScriptingTraits (0ms)
		AnalyzeDomain (342ms)
			TypeCache.Refresh (340ms)
				TypeCache.ScanAssembly (319ms)
			ScanForSourceGeneratedMonoScriptInfo (1ms)
			ResolveRequiredComponents (1ms)
	FinalizeReload (585ms)
		ReleaseScriptCaches (0ms)
		RebuildScriptCaches (0ms)
		SetupLoadedEditorAssemblies (450ms)
			LogAssemblyErrors (0ms)
			InitializePlatformSupportModulesInManaged (20ms)
			SetLoadedEditorAssemblies (19ms)
			RefreshPlugins (0ms)
			BeforeProcessingInitializeOnLoad (8ms)
			ProcessInitializeOnLoadAttributes (302ms)
			ProcessInitializeOnLoadMethodAttributes (100ms)
			AfterProcessingInitializeOnLoad (0ms)
			EditorAssembliesLoaded (0ms)
		ExecutionOrderSort2 (0ms)
		AwakeInstancesAfterBackupRestoration (0ms)
========================================================================
Worker process is ready to serve import requests
Begin MonoManager ReloadAssembly
Symbol file LoadedFromMemory doesn't match image C:\Users\ievar\Documents\GitHub\M2M-Golf\Library\PackageCache\com.unity.visualscripting@1.8.0\Editor\VisualScripting.Core\Dependencies\YamlDotNet\Unity.VisualScripting.YamlDotNet.dll
Symbol file LoadedFromMemory doesn't match image C:\Users\ievar\Documents\GitHub\M2M-Golf\Library\PackageCache\com.unity.visualscripting@1.8.0\Editor\VisualScripting.Core\Dependencies\DotNetZip\Unity.VisualScripting.IonicZip.dll
- Loaded All Assemblies, in  1.657 seconds
Refreshing native plugins compatible for Editor in 11.84 ms, found 4 plugins.
Native extension for WindowsStandalone target not found
Mono: successfully reloaded assembly
Package Manager log level set to [2]
[Package Manager] Server::EnsureServerProcessIsRunning -- launch failed, reason: Unity was launched with the -noUpm command-line argument
[Package Manager] UpmClient::Send -- Unable to send message (not connected to UPM process).
[Package Manager] Cannot connect to Unity Package Manager local server
[Package Manager] Server::EnsureServerProcessIsRunning -- launch failed, reason: Unity was launched with the -noUpm command-line argument
[Package Manager] UpmClient::Send -- Unable to send message (not connected to UPM process).
[Package Manager] Cannot connect to Unity Package Manager local server
- Finished resetting the current domain, in  1.154 seconds
Domain Reload Profiling: 2802ms
	BeginReloadAssembly (288ms)
		ExecutionOrderSort (0ms)
		DisableScriptedObjects (10ms)
		BackupInstance (0ms)
		ReleaseScriptingObjects (0ms)
		CreateAndSetChildDomain (41ms)
	RebuildCommonClasses (79ms)
	RebuildNativeTypeToScriptingClass (23ms)
	initialDomainReloadingComplete (86ms)
	LoadAllAssembliesAndSetupDomain (1171ms)
		LoadAssemblies (629ms)
		RebuildTransferFunctionScriptingTraits (0ms)
		AnalyzeDomain (680ms)
			TypeCache.Refresh (625ms)
				TypeCache.ScanAssembly (601ms)
			ScanForSourceGeneratedMonoScriptInfo (45ms)
			ResolveRequiredComponents (10ms)
	FinalizeReload (1155ms)
		ReleaseScriptCaches (0ms)
		RebuildScriptCaches (0ms)
		SetupLoadedEditorAssemblies (800ms)
			LogAssemblyErrors (0ms)
			InitializePlatformSupportModulesInManaged (9ms)
			SetLoadedEditorAssemblies (8ms)
			RefreshPlugins (0ms)
			BeforeProcessingInitializeOnLoad (141ms)
			ProcessInitializeOnLoadAttributes (546ms)
			ProcessInitializeOnLoadMethodAttributes (82ms)
			AfterProcessingInitializeOnLoad (13ms)
			EditorAssembliesLoaded (1ms)
		ExecutionOrderSort2 (0ms)
		AwakeInstancesAfterBackupRestoration (17ms)
Launched and connected shader compiler UnityShaderCompiler.exe after 0.11 seconds
Refreshing native plugins compatible for Editor in 14.15 ms, found 4 plugins.
Preloading 0 native plugins for Editor in 0.00 ms.
Unloading 4344 Unused Serialized files (Serialized files now loaded: 0)
Unloading 77 unused Assets / (40.8 KB). Loaded Objects now: 4813.
Memory consumption went from 159.8 MB to 159.8 MB.
Total: 7.609600 ms (FindLiveObjects: 0.598800 ms CreateObjectMapping: 0.485000 ms MarkObjects: 6.386900 ms  DeleteObjects: 0.136800 ms)

AssetImportParameters requested are different than current active one (requested -> active):
  custom:container-demuxer-ogg: 62fdf1f143b41e24485cea50d1cbac27 -> 
  custom:video-codec-MediaFoundation-h265: 746d11721c4dcdbdad8f713fa42b33f4 -> 
  custom:video-decoder-ogg-theora: a1e56fd34408186e4bbccfd4996cb3dc -> 
  custom:framework-win-MediaFoundation: 216162199b28c13a410421893ffa2e32 -> 
  custom:container-demuxer-webm: 4f35f7cbe854078d1ac9338744f61a02 -> 
  custom:container-muxer-webm: aa71ff27fc2769a1b78a27578f13a17b -> 
  custom:video-decoder-webm-vp8: 9c59270c3fd7afecdb556c50c9e8de78 -> 
  custom:AudioImporter_EditorPlatform: d09bf68614088b80899f8185d706f6e7 -> 
  custom:video-encoder-webm-vp8: eb34c28f22e8b96e1ab97ce403110664 -> 
  custom:audio-decoder-ogg-vorbis: bf7c407c2cedff20999df2af8eb42d56 -> 
  custom:audio-encoder-webm-vorbis: bf7c407c2cedff20999df2af8eb42d56 -> 
========================================================================
Received Import Request.
  Time since last request: 5266.988439 seconds.
  path: Packages/com.unity.2d.psdimporter/Editor/Assets/pivot.fbx
  artifactKey: Guid(1c7762c9bce5f4ab7b060decb9e3002d) Importer(815301076,1909f56bfc062723c751e8b465ee728b)
Start importing Packages/com.unity.2d.psdimporter/Editor/Assets/pivot.fbx using Guid(1c7762c9bce5f4ab7b060decb9e3002d) Importer(815301076,1909f56bfc062723c751e8b465ee728b)  -> (artifact id: '8830e2a3e59ef1d893367d7a123e03e9') in 0.177066 seconds
Number of updated asset objects reloaded before import = 0
Number of asset objects unloaded after import = 10
========================================================================
Received Import Request.
  Time since last request: 1.212374 seconds.
  path: Packages/com.unity.2d.spriteshape/Editor/ObjectMenuCreation/DefaultAssets/Sprite Shapes/Closed Sprite Shape.prefab
  artifactKey: Guid(c0583b4e855c74b8c82e7b9b5efb5ce9) Importer(815301076,1909f56bfc062723c751e8b465ee728b)
Start importing Packages/com.unity.2d.spriteshape/Editor/ObjectMenuCreation/DefaultAssets/Sprite Shapes/Closed Sprite Shape.prefab using Guid(c0583b4e855c74b8c82e7b9b5efb5ce9) Importer(815301076,1909f56bfc062723c751e8b465ee728b)  -> (artifact id: '32aeda019f184473f5d4a170c216f844') in 0.018134 seconds
Number of updated asset objects reloaded before import = 0
Number of asset objects unloaded after import = 14
========================================================================
Received Import Request.
  Time since last request: 1.049566 seconds.
  path: Assets/TextMesh Pro/Examples & Extras/Prefabs/TextMeshPro - Prefab 2.prefab
  artifactKey: Guid(fdad9d952ae84cafb74c63f2e694d042) Importer(815301076,1909f56bfc062723c751e8b465ee728b)
Start importing Assets/TextMesh Pro/Examples & Extras/Prefabs/TextMeshPro - Prefab 2.prefab using Guid(fdad9d952ae84cafb74c63f2e694d042) Importer(815301076,1909f56bfc062723c751e8b465ee728b)  -> (artifact id: 'a7b01d23426495ebc5d5bef5681d8800') in 0.073957 seconds
Number of updated asset objects reloaded before import = 0
Number of asset objects unloaded after import = 16
========================================================================
Received Import Request.
  Time since last request: 0.000029 seconds.
  path: Assets/TextMesh Pro/Examples & Extras/Prefabs/TextMeshPro - Prefab 1.prefab
  artifactKey: Guid(a6e39ced0ea046bcb636c3f0b2e2a745) Importer(815301076,1909f56bfc062723c751e8b465ee728b)
Start importing Assets/TextMesh Pro/Examples & Extras/Prefabs/TextMeshPro - Prefab 1.prefab using Guid(a6e39ced0ea046bcb636c3f0b2e2a745) Importer(815301076,1909f56bfc062723c751e8b465ee728b)  -> (artifact id: 'f4cfa04c8291cc44a39b9aab83e7458d') in 0.040430 seconds
Number of updated asset objects reloaded before import = 0
Number of asset objects unloaded after import = 16
========================================================================
Received Import Request.
  Time since last request: 231.731443 seconds.
  path: Assets/Sprites/3D
  artifactKey: Guid(32b06a71b4f43b64ea6c04c3e2c4285f) Importer(815301076,1909f56bfc062723c751e8b465ee728b)
Start importing Assets/Sprites/3D using Guid(32b06a71b4f43b64ea6c04c3e2c4285f) Importer(815301076,1909f56bfc062723c751e8b465ee728b)  -> (artifact id: 'eba547c70964d95ab5fcbc070349cabe') in 0.000850 seconds
Number of updated asset objects reloaded before import = 0
Number of asset objects unloaded after import = 0
========================================================================
Received Import Request.
  Time since last request: 303.723738 seconds.
  path: Assets/TextMesh Pro/Examples & Extras/Materials
  artifactKey: Guid(5808953df7a24274a851aa6dee52d30e) Importer(815301076,1909f56bfc062723c751e8b465ee728b)
Start importing Assets/TextMesh Pro/Examples & Extras/Materials using Guid(5808953df7a24274a851aa6dee52d30e) Importer(815301076,1909f56bfc062723c751e8b465ee728b)  -> (artifact id: '857aa438011e39d8c091d33e23d9b6f5') in 0.000842 seconds
Number of updated asset objects reloaded before import = 0
Number of asset objects unloaded after import = 0
========================================================================
Received Import Request.
  Time since last request: 62.199526 seconds.
  path: Assets/Tree.prefab
  artifactKey: Guid(042200d872c0e8441a1ba8cd1a990f54) Importer(815301076,1909f56bfc062723c751e8b465ee728b)
Start importing Assets/Tree.prefab using Guid(042200d872c0e8441a1ba8cd1a990f54) Importer(815301076,1909f56bfc062723c751e8b465ee728b)  -> (artifact id: '385f6865bc73e5ba5d2929e5d7f12d91') in 0.157988 seconds
Number of updated asset objects reloaded before import = 0
Number of asset objects unloaded after import = 15
========================================================================
Received Import Request.
  Time since last request: 3.910435 seconds.
  path: Assets/Tree.prefab
  artifactKey: Guid(042200d872c0e8441a1ba8cd1a990f54) Importer(815301076,1909f56bfc062723c751e8b465ee728b)
Start importing Assets/Tree.prefab using Guid(042200d872c0e8441a1ba8cd1a990f54) Importer(815301076,1909f56bfc062723c751e8b465ee728b)  -> (artifact id: 'b721c480cb5cdb88dd11bee8c8e7e42e') in 0.030335 seconds
Number of updated asset objects reloaded before import = 0
Number of asset objects unloaded after import = 15
========================================================================
Received Import Request.
  Time since last request: 17.953963 seconds.
  path: Assets/Tree 1.prefab
  artifactKey: Guid(a5b9d5254e3b0d4469185a1a3492b51f) Importer(815301076,1909f56bfc062723c751e8b465ee728b)
Start importing Assets/Tree 1.prefab using Guid(a5b9d5254e3b0d4469185a1a3492b51f) Importer(815301076,1909f56bfc062723c751e8b465ee728b)  -> (artifact id: '7b4dac40ea584d7b1432ab74f1fad16f') in 0.031354 seconds
Number of updated asset objects reloaded before import = 0
Number of asset objects unloaded after import = 15
========================================================================
Received Import Request.
  Time since last request: 0.002748 seconds.
  path: Assets/New Terrain.asset
  artifactKey: Guid(22e3db2c74d0c30489948971d0544812) Importer(815301076,1909f56bfc062723c751e8b465ee728b)
Start importing Assets/New Terrain.asset using Guid(22e3db2c74d0c30489948971d0544812) Importer(815301076,1909f56bfc062723c751e8b465ee728b)  -> (artifact id: '0581e309d7241c544d9918c28c8e6344') in 0.010760 seconds
Number of updated asset objects reloaded before import = 0
Number of asset objects unloaded after import = 12
========================================================================
Received Import Request.
  Time since last request: 17.570802 seconds.
  path: Assets/grass.prefab
  artifactKey: Guid(a5b9d5254e3b0d4469185a1a3492b51f) Importer(815301076,1909f56bfc062723c751e8b465ee728b)
Start importing Assets/grass.prefab using Guid(a5b9d5254e3b0d4469185a1a3492b51f) Importer(815301076,1909f56bfc062723c751e8b465ee728b)  -> (artifact id: 'eb216a71c0990034aeb71233b5b87815') in 0.037484 seconds
Number of updated asset objects reloaded before import = 0
Number of asset objects unloaded after import = 15
========================================================================
Received Import Request.
  Time since last request: 8.709747 seconds.
  path: Assets/grass.prefab
  artifactKey: Guid(a5b9d5254e3b0d4469185a1a3492b51f) Importer(815301076,1909f56bfc062723c751e8b465ee728b)
Start importing Assets/grass.prefab using Guid(a5b9d5254e3b0d4469185a1a3492b51f) Importer(815301076,1909f56bfc062723c751e8b465ee728b)  -> (artifact id: '58ed85fd829570ef2ac0c0c7ef5ac65c') in 0.035139 seconds
Number of updated asset objects reloaded before import = 0
Number of asset objects unloaded after import = 15
========================================================================
Received Import Request.
  Time since last request: 5.442855 seconds.
  path: Assets/grass.prefab
  artifactKey: Guid(a5b9d5254e3b0d4469185a1a3492b51f) Importer(815301076,1909f56bfc062723c751e8b465ee728b)
Start importing Assets/grass.prefab using Guid(a5b9d5254e3b0d4469185a1a3492b51f) Importer(815301076,1909f56bfc062723c751e8b465ee728b)  -> (artifact id: '6909f7611427552594756b6ab76336fb') in 0.035242 seconds
Number of updated asset objects reloaded before import = 0
Number of asset objects unloaded after import = 15
========================================================================
Received Import Request.
  Time since last request: 1.161240 seconds.
  path: Assets/grass.prefab
  artifactKey: Guid(a5b9d5254e3b0d4469185a1a3492b51f) Importer(815301076,1909f56bfc062723c751e8b465ee728b)
Start importing Assets/grass.prefab using Guid(a5b9d5254e3b0d4469185a1a3492b51f) Importer(815301076,1909f56bfc062723c751e8b465ee728b)  -> (artifact id: '80449c10b98dd22e5784cb76b71246fb') in 0.032869 seconds
Number of updated asset objects reloaded before import = 0
Number of asset objects unloaded after import = 15
========================================================================
Received Import Request.
  Time since last request: 6.841415 seconds.
  path: Assets/grass.prefab
  artifactKey: Guid(a5b9d5254e3b0d4469185a1a3492b51f) Importer(815301076,1909f56bfc062723c751e8b465ee728b)
Start importing Assets/grass.prefab using Guid(a5b9d5254e3b0d4469185a1a3492b51f) Importer(815301076,1909f56bfc062723c751e8b465ee728b)  -> (artifact id: '02bd5856f5e84dc45dc2cb0cd0a835db') in 0.037632 seconds
Number of updated asset objects reloaded before import = 0
Number of asset objects unloaded after import = 15
========================================================================
Received Import Request.
  Time since last request: 8.053122 seconds.
  path: Assets/grass.prefab
  artifactKey: Guid(a5b9d5254e3b0d4469185a1a3492b51f) Importer(815301076,1909f56bfc062723c751e8b465ee728b)
Start importing Assets/grass.prefab using Guid(a5b9d5254e3b0d4469185a1a3492b51f) Importer(815301076,1909f56bfc062723c751e8b465ee728b)  -> (artifact id: 'a0c6f37e4cb1a5637542c565ea7ad4e0') in 0.029258 seconds
Number of updated asset objects reloaded before import = 0
Number of asset objects unloaded after import = 15
========================================================================
Received Import Request.
  Time since last request: 0.000023 seconds.
  path: Assets/grass_Textures/normal_specular.png
  artifactKey: Guid(0bbeef58817cd4f469bb29d23ec226a0) Importer(815301076,1909f56bfc062723c751e8b465ee728b)
Start importing Assets/grass_Textures/normal_specular.png using Guid(0bbeef58817cd4f469bb29d23ec226a0) Importer(815301076,1909f56bfc062723c751e8b465ee728b)  -> (artifact id: '9848a455dac1ac06ccc3914d684a0b55') in 0.029705 seconds
Number of updated asset objects reloaded before import = 0
Number of asset objects unloaded after import = 3
========================================================================
Received Import Request.
  Time since last request: 0.000020 seconds.
  path: Assets/grass_Textures/translucency_gloss.png
  artifactKey: Guid(2ed5d1fb013b47f4a9042af487530fef) Importer(815301076,1909f56bfc062723c751e8b465ee728b)
Start importing Assets/grass_Textures/translucency_gloss.png using Guid(2ed5d1fb013b47f4a9042af487530fef) Importer(815301076,1909f56bfc062723c751e8b465ee728b)  -> (artifact id: '22732aec2ad3afdedd4effc4978d5a3e') in 0.013346 seconds
Number of updated asset objects reloaded before import = 0
Number of asset objects unloaded after import = 3
========================================================================
Received Import Request.
  Time since last request: 2.999258 seconds.
  path: Assets/grass.prefab
  artifactKey: Guid(a5b9d5254e3b0d4469185a1a3492b51f) Importer(815301076,1909f56bfc062723c751e8b465ee728b)
Start importing Assets/grass.prefab using Guid(a5b9d5254e3b0d4469185a1a3492b51f) Importer(815301076,1909f56bfc062723c751e8b465ee728b)  -> (artifact id: '45968d5d4f60e268969ad57e00eecb68') in 0.036233 seconds
Number of updated asset objects reloaded before import = 0
Number of asset objects unloaded after import = 16
========================================================================
Received Import Request.
  Time since last request: 2.687310 seconds.
  path: Assets/grass.prefab
  artifactKey: Guid(a5b9d5254e3b0d4469185a1a3492b51f) Importer(815301076,1909f56bfc062723c751e8b465ee728b)
Start importing Assets/grass.prefab using Guid(a5b9d5254e3b0d4469185a1a3492b51f) Importer(815301076,1909f56bfc062723c751e8b465ee728b)  -> (artifact id: 'cee2676d4afb4e966dcd7baf6ec9f076') in 0.031716 seconds
Number of updated asset objects reloaded before import = 0
Number of asset objects unloaded after import = 17
========================================================================
Received Import Request.
  Time since last request: 2.070742 seconds.
  path: Assets/grass.prefab
  artifactKey: Guid(a5b9d5254e3b0d4469185a1a3492b51f) Importer(815301076,1909f56bfc062723c751e8b465ee728b)
Start importing Assets/grass.prefab using Guid(a5b9d5254e3b0d4469185a1a3492b51f) Importer(815301076,1909f56bfc062723c751e8b465ee728b)  -> (artifact id: '816c4c653ad0c2b3957f97074511484a') in 0.035230 seconds
Number of updated asset objects reloaded before import = 0
Number of asset objects unloaded after import = 18
========================================================================
Received Import Request.
  Time since last request: 10.726292 seconds.
  path: Assets/grass.prefab
  artifactKey: Guid(a5b9d5254e3b0d4469185a1a3492b51f) Importer(815301076,1909f56bfc062723c751e8b465ee728b)
Start importing Assets/grass.prefab using Guid(a5b9d5254e3b0d4469185a1a3492b51f) Importer(815301076,1909f56bfc062723c751e8b465ee728b)  -> (artifact id: 'b014fe3d6e481218d279dcf694f30ac2') in 0.035496 seconds
Number of updated asset objects reloaded before import = 0
Number of asset objects unloaded after import = 17
========================================================================
Received Import Request.
  Time since last request: 3.684916 seconds.
  path: Assets/grass.prefab
  artifactKey: Guid(a5b9d5254e3b0d4469185a1a3492b51f) Importer(815301076,1909f56bfc062723c751e8b465ee728b)
Start importing Assets/grass.prefab using Guid(a5b9d5254e3b0d4469185a1a3492b51f) Importer(815301076,1909f56bfc062723c751e8b465ee728b)  -> (artifact id: '3b12228676436efdebdd88e9c04a1142') in 0.042820 seconds
Number of updated asset objects reloaded before import = 0
Number of asset objects unloaded after import = 18
========================================================================
Received Import Request.
  Time since last request: 114.129766 seconds.
  path: Assets/grass.prefab
  artifactKey: Guid(a5b9d5254e3b0d4469185a1a3492b51f) Importer(815301076,1909f56bfc062723c751e8b465ee728b)
Start importing Assets/grass.prefab using Guid(a5b9d5254e3b0d4469185a1a3492b51f) Importer(815301076,1909f56bfc062723c751e8b465ee728b)  -> (artifact id: '4b5177c4908dada82c7297a8a8d79765') in 0.028648 seconds
Number of updated asset objects reloaded before import = 0
Number of asset objects unloaded after import = 17
========================================================================
Received Import Request.
  Time since last request: 3.078934 seconds.
  path: Assets/grass.prefab
  artifactKey: Guid(a5b9d5254e3b0d4469185a1a3492b51f) Importer(815301076,1909f56bfc062723c751e8b465ee728b)
Start importing Assets/grass.prefab using Guid(a5b9d5254e3b0d4469185a1a3492b51f) Importer(815301076,1909f56bfc062723c751e8b465ee728b)  -> (artifact id: '6b4f0097382e6716708442045be6f9f4') in 0.031955 seconds
Number of updated asset objects reloaded before import = 0
Number of asset objects unloaded after import = 18
========================================================================
Received Import Request.
  Time since last request: 3.453020 seconds.
  path: Assets/grass.prefab
  artifactKey: Guid(a5b9d5254e3b0d4469185a1a3492b51f) Importer(815301076,1909f56bfc062723c751e8b465ee728b)
Start importing Assets/grass.prefab using Guid(a5b9d5254e3b0d4469185a1a3492b51f) Importer(815301076,1909f56bfc062723c751e8b465ee728b)  -> (artifact id: '4070ae2fb28345310018e282d5b13235') in 0.036609 seconds
Number of updated asset objects reloaded before import = 0
Number of asset objects unloaded after import = 17
========================================================================
Received Import Request.
  Time since last request: 8.772171 seconds.
  path: Assets/grass.prefab
  artifactKey: Guid(a5b9d5254e3b0d4469185a1a3492b51f) Importer(815301076,1909f56bfc062723c751e8b465ee728b)
Start importing Assets/grass.prefab using Guid(a5b9d5254e3b0d4469185a1a3492b51f) Importer(815301076,1909f56bfc062723c751e8b465ee728b)  -> (artifact id: '3a6ebce22cb84d8c67a0f1aef7dae749') in 0.036718 seconds
Number of updated asset objects reloaded before import = 0
Number of asset objects unloaded after import = 17
========================================================================
Received Import Request.
  Time since last request: 4.282519 seconds.
  path: Assets/grass.prefab
  artifactKey: Guid(a5b9d5254e3b0d4469185a1a3492b51f) Importer(815301076,1909f56bfc062723c751e8b465ee728b)
Start importing Assets/grass.prefab using Guid(a5b9d5254e3b0d4469185a1a3492b51f) Importer(815301076,1909f56bfc062723c751e8b465ee728b)  -> (artifact id: '38fa5bf95df99203dec18bc1064394b1') in 0.040892 seconds
Number of updated asset objects reloaded before import = 0
Number of asset objects unloaded after import = 17
========================================================================
Received Import Request.
  Time since last request: 2.886055 seconds.
  path: Assets/grass.prefab
  artifactKey: Guid(a5b9d5254e3b0d4469185a1a3492b51f) Importer(815301076,1909f56bfc062723c751e8b465ee728b)
Start importing Assets/grass.prefab using Guid(a5b9d5254e3b0d4469185a1a3492b51f) Importer(815301076,1909f56bfc062723c751e8b465ee728b)  -> (artifact id: '18198d85f2a6f549bff11b539b20a0f6') in 0.030126 seconds
Number of updated asset objects reloaded before import = 0
Number of asset objects unloaded after import = 18
========================================================================
Received Import Request.
  Time since last request: 2.404015 seconds.
  path: Assets/grass.prefab
  artifactKey: Guid(a5b9d5254e3b0d4469185a1a3492b51f) Importer(815301076,1909f56bfc062723c751e8b465ee728b)
Start importing Assets/grass.prefab using Guid(a5b9d5254e3b0d4469185a1a3492b51f) Importer(815301076,1909f56bfc062723c751e8b465ee728b)  -> (artifact id: '59296a3e0a1bd6951fd0a07f6ea68301') in 0.029499 seconds
Number of updated asset objects reloaded before import = 0
Number of asset objects unloaded after import = 18
========================================================================
Received Import Request.
  Time since last request: 5.823689 seconds.
  path: Assets/grass.prefab
  artifactKey: Guid(a5b9d5254e3b0d4469185a1a3492b51f) Importer(815301076,1909f56bfc062723c751e8b465ee728b)
Start importing Assets/grass.prefab using Guid(a5b9d5254e3b0d4469185a1a3492b51f) Importer(815301076,1909f56bfc062723c751e8b465ee728b)  -> (artifact id: '093b1f21227a1bfcc84051f87d29304e') in 0.028817 seconds
Number of updated asset objects reloaded before import = 0
Number of asset objects unloaded after import = 17
========================================================================
Received Import Request.
  Time since last request: 1.568397 seconds.
  path: Assets/grass.prefab
  artifactKey: Guid(a5b9d5254e3b0d4469185a1a3492b51f) Importer(815301076,1909f56bfc062723c751e8b465ee728b)
Start importing Assets/grass.prefab using Guid(a5b9d5254e3b0d4469185a1a3492b51f) Importer(815301076,1909f56bfc062723c751e8b465ee728b)  -> (artifact id: '0683a8b8f32030251e3706c720db7672') in 0.038896 seconds
Number of updated asset objects reloaded before import = 0
Number of asset objects unloaded after import = 17
========================================================================
Received Import Request.
  Time since last request: 2.611538 seconds.
  path: Assets/grass.prefab
  artifactKey: Guid(a5b9d5254e3b0d4469185a1a3492b51f) Importer(815301076,1909f56bfc062723c751e8b465ee728b)
Start importing Assets/grass.prefab using Guid(a5b9d5254e3b0d4469185a1a3492b51f) Importer(815301076,1909f56bfc062723c751e8b465ee728b)  -> (artifact id: 'a0fa726b821d1ae689907a834fa7e882') in 0.417025 seconds
Number of updated asset objects reloaded before import = 0
Number of asset objects unloaded after import = 17
========================================================================
Received Import Request.
  Time since last request: 2.407314 seconds.
  path: Assets/grass.prefab
  artifactKey: Guid(a5b9d5254e3b0d4469185a1a3492b51f) Importer(815301076,1909f56bfc062723c751e8b465ee728b)
Start importing Assets/grass.prefab using Guid(a5b9d5254e3b0d4469185a1a3492b51f) Importer(815301076,1909f56bfc062723c751e8b465ee728b)  -> (artifact id: 'c043ac32e70433e99a1c1be8eb85e624') in 0.025323 seconds
Number of updated asset objects reloaded before import = 0
Number of asset objects unloaded after import = 17
========================================================================
Received Import Request.
  Time since last request: 12.225523 seconds.
  path: Assets/grass.prefab
  artifactKey: Guid(a5b9d5254e3b0d4469185a1a3492b51f) Importer(815301076,1909f56bfc062723c751e8b465ee728b)
Start importing Assets/grass.prefab using Guid(a5b9d5254e3b0d4469185a1a3492b51f) Importer(815301076,1909f56bfc062723c751e8b465ee728b)  -> (artifact id: '1af239c329f28795ad5f46158a9049ef') in 0.031080 seconds
Number of updated asset objects reloaded before import = 0
Number of asset objects unloaded after import = 17
========================================================================
Received Import Request.
  Time since last request: 4.542773 seconds.
  path: Assets/grass.prefab
  artifactKey: Guid(a5b9d5254e3b0d4469185a1a3492b51f) Importer(815301076,1909f56bfc062723c751e8b465ee728b)
Start importing Assets/grass.prefab using Guid(a5b9d5254e3b0d4469185a1a3492b51f) Importer(815301076,1909f56bfc062723c751e8b465ee728b)  -> (artifact id: '373e28da483d5fee4c14f17b8cdb7843') in 0.034997 seconds
Number of updated asset objects reloaded before import = 0
Number of asset objects unloaded after import = 17
========================================================================
Received Import Request.
  Time since last request: 23.432260 seconds.
  path: Assets/grass.prefab
  artifactKey: Guid(a5b9d5254e3b0d4469185a1a3492b51f) Importer(815301076,1909f56bfc062723c751e8b465ee728b)
Start importing Assets/grass.prefab using Guid(a5b9d5254e3b0d4469185a1a3492b51f) Importer(815301076,1909f56bfc062723c751e8b465ee728b)  -> (artifact id: '335eca83a53a3b0297cb75b057a81977') in 0.045677 seconds
Number of updated asset objects reloaded before import = 0
Number of asset objects unloaded after import = 17
========================================================================
Received Import Request.
  Time since last request: 8.232860 seconds.
  path: Assets/grass.prefab
  artifactKey: Guid(a5b9d5254e3b0d4469185a1a3492b51f) Importer(815301076,1909f56bfc062723c751e8b465ee728b)
Start importing Assets/grass.prefab using Guid(a5b9d5254e3b0d4469185a1a3492b51f) Importer(815301076,1909f56bfc062723c751e8b465ee728b)  -> (artifact id: 'ab9f9061b2c58c31b24599cd3f5aceef') in 0.031551 seconds
Number of updated asset objects reloaded before import = 0
Number of asset objects unloaded after import = 17
========================================================================
Received Import Request.
  Time since last request: 0.981154 seconds.
  path: Assets/grass.prefab
  artifactKey: Guid(a5b9d5254e3b0d4469185a1a3492b51f) Importer(815301076,1909f56bfc062723c751e8b465ee728b)
Start importing Assets/grass.prefab using Guid(a5b9d5254e3b0d4469185a1a3492b51f) Importer(815301076,1909f56bfc062723c751e8b465ee728b)  -> (artifact id: '6b64e33fe53d84c8295f79557c721fa2') in 0.033403 seconds
Number of updated asset objects reloaded before import = 0
Number of asset objects unloaded after import = 17
========================================================================
Received Import Request.
  Time since last request: 2.389238 seconds.
  path: Assets/grass.prefab
  artifactKey: Guid(a5b9d5254e3b0d4469185a1a3492b51f) Importer(815301076,1909f56bfc062723c751e8b465ee728b)
Start importing Assets/grass.prefab using Guid(a5b9d5254e3b0d4469185a1a3492b51f) Importer(815301076,1909f56bfc062723c751e8b465ee728b)  -> (artifact id: 'b4288f6c6b8a5ab6d7c9e21ca6b22bc4') in 0.028424 seconds
Number of updated asset objects reloaded before import = 0
Number of asset objects unloaded after import = 17
========================================================================
Received Import Request.
  Time since last request: 1.617922 seconds.
  path: Assets/grass.prefab
  artifactKey: Guid(a5b9d5254e3b0d4469185a1a3492b51f) Importer(815301076,1909f56bfc062723c751e8b465ee728b)
Start importing Assets/grass.prefab using Guid(a5b9d5254e3b0d4469185a1a3492b51f) Importer(815301076,1909f56bfc062723c751e8b465ee728b)  -> (artifact id: 'a4fbc1c1e51ce39803614856f4f3e5ee') in 0.036804 seconds
Number of updated asset objects reloaded before import = 0
Number of asset objects unloaded after import = 17
========================================================================
Received Import Request.
  Time since last request: 3.601543 seconds.
  path: Assets/grass.prefab
  artifactKey: Guid(a5b9d5254e3b0d4469185a1a3492b51f) Importer(815301076,1909f56bfc062723c751e8b465ee728b)
Start importing Assets/grass.prefab using Guid(a5b9d5254e3b0d4469185a1a3492b51f) Importer(815301076,1909f56bfc062723c751e8b465ee728b)  -> (artifact id: '7ed3371b264a69524139d4f3bbbfb3f3') in 0.032197 seconds
Number of updated asset objects reloaded before import = 0
Number of asset objects unloaded after import = 17
========================================================================
Received Import Request.
  Time since last request: 0.598549 seconds.
  path: Assets/grass.prefab
  artifactKey: Guid(a5b9d5254e3b0d4469185a1a3492b51f) Importer(815301076,1909f56bfc062723c751e8b465ee728b)
Start importing Assets/grass.prefab using Guid(a5b9d5254e3b0d4469185a1a3492b51f) Importer(815301076,1909f56bfc062723c751e8b465ee728b)  -> (artifact id: 'f9b62b4e5fde9a248fd96de9d5bad55c') in 0.031763 seconds
Number of updated asset objects reloaded before import = 0
Number of asset objects unloaded after import = 17
========================================================================
Received Import Request.
  Time since last request: 2.592141 seconds.
  path: Assets/grass.prefab
  artifactKey: Guid(a5b9d5254e3b0d4469185a1a3492b51f) Importer(815301076,1909f56bfc062723c751e8b465ee728b)
Start importing Assets/grass.prefab using Guid(a5b9d5254e3b0d4469185a1a3492b51f) Importer(815301076,1909f56bfc062723c751e8b465ee728b)  -> (artifact id: 'e19900b79c4c07726265312a6369cd04') in 0.039865 seconds
Number of updated asset objects reloaded before import = 0
Number of asset objects unloaded after import = 17
========================================================================
Received Import Request.
  Time since last request: 2.565438 seconds.
  path: Assets/grass.prefab
  artifactKey: Guid(a5b9d5254e3b0d4469185a1a3492b51f) Importer(815301076,1909f56bfc062723c751e8b465ee728b)
Start importing Assets/grass.prefab using Guid(a5b9d5254e3b0d4469185a1a3492b51f) Importer(815301076,1909f56bfc062723c751e8b465ee728b)  -> (artifact id: 'a475039fc1a337f6f670a105b84e65ef') in 0.054118 seconds
Number of updated asset objects reloaded before import = 0
Number of asset objects unloaded after import = 17
========================================================================
Received Import Request.
  Time since last request: 1.962872 seconds.
  path: Assets/grass.prefab
  artifactKey: Guid(a5b9d5254e3b0d4469185a1a3492b51f) Importer(815301076,1909f56bfc062723c751e8b465ee728b)
Start importing Assets/grass.prefab using Guid(a5b9d5254e3b0d4469185a1a3492b51f) Importer(815301076,1909f56bfc062723c751e8b465ee728b)  -> (artifact id: 'afe17276d32c902a870c26b94881eade') in 0.031006 seconds
Number of updated asset objects reloaded before import = 0
Number of asset objects unloaded after import = 17
========================================================================
Received Import Request.
  Time since last request: 2.007222 seconds.
  path: Assets/grass.prefab
  artifactKey: Guid(a5b9d5254e3b0d4469185a1a3492b51f) Importer(815301076,1909f56bfc062723c751e8b465ee728b)
Start importing Assets/grass.prefab using Guid(a5b9d5254e3b0d4469185a1a3492b51f) Importer(815301076,1909f56bfc062723c751e8b465ee728b)  -> (artifact id: 'd09565a9227b26fcd38ba34bed1692bd') in 0.032471 seconds
Number of updated asset objects reloaded before import = 0
Number of asset objects unloaded after import = 17
========================================================================
Received Import Request.
  Time since last request: 8.252932 seconds.
  path: Assets/grass.prefab
  artifactKey: Guid(a5b9d5254e3b0d4469185a1a3492b51f) Importer(815301076,1909f56bfc062723c751e8b465ee728b)
Start importing Assets/grass.prefab using Guid(a5b9d5254e3b0d4469185a1a3492b51f) Importer(815301076,1909f56bfc062723c751e8b465ee728b)  -> (artifact id: 'e6bfeaf999b932309b25f6f1a8d19e09') in 0.028270 seconds
Number of updated asset objects reloaded before import = 0
Number of asset objects unloaded after import = 17
========================================================================
Received Import Request.
  Time since last request: 0.034773 seconds.
  path: Assets/grass.prefab
  artifactKey: Guid(a5b9d5254e3b0d4469185a1a3492b51f) Importer(815301076,1909f56bfc062723c751e8b465ee728b)
Start importing Assets/grass.prefab using Guid(a5b9d5254e3b0d4469185a1a3492b51f) Importer(815301076,1909f56bfc062723c751e8b465ee728b)  -> (artifact id: '9c923184687497f583d2690a8dfa23c0') in 0.029774 seconds
Number of updated asset objects reloaded before import = 0
Number of asset objects unloaded after import = 17
========================================================================
Received Import Request.
  Time since last request: 1.860525 seconds.
  path: Assets/grass.prefab
  artifactKey: Guid(a5b9d5254e3b0d4469185a1a3492b51f) Importer(815301076,1909f56bfc062723c751e8b465ee728b)
Start importing Assets/grass.prefab using Guid(a5b9d5254e3b0d4469185a1a3492b51f) Importer(815301076,1909f56bfc062723c751e8b465ee728b)  -> (artifact id: 'ddc5630aa86274276c439970bbf9a070') in 0.027088 seconds
Number of updated asset objects reloaded before import = 0
Number of asset objects unloaded after import = 17
========================================================================
Received Import Request.
  Time since last request: 0.031340 seconds.
  path: Assets/grass.prefab
  artifactKey: Guid(a5b9d5254e3b0d4469185a1a3492b51f) Importer(815301076,1909f56bfc062723c751e8b465ee728b)
Start importing Assets/grass.prefab using Guid(a5b9d5254e3b0d4469185a1a3492b51f) Importer(815301076,1909f56bfc062723c751e8b465ee728b)  -> (artifact id: '8ad20c6a91199175a159baa9dcbb52d1') in 0.035158 seconds
Number of updated asset objects reloaded before import = 0
Number of asset objects unloaded after import = 17
========================================================================
Received Import Request.
  Time since last request: 442.752286 seconds.
  path: Assets/New Terrain.asset
  artifactKey: Guid(22e3db2c74d0c30489948971d0544812) Importer(815301076,1909f56bfc062723c751e8b465ee728b)
Start importing Assets/New Terrain.asset using Guid(22e3db2c74d0c30489948971d0544812) Importer(815301076,1909f56bfc062723c751e8b465ee728b)  -> (artifact id: '1d320ad09ce8a84bf27ab154ba46e955') in 0.008597 seconds
Number of updated asset objects reloaded before import = 0
Number of asset objects unloaded after import = 9
========================================================================
Received Import Request.
  Time since last request: 40.667555 seconds.
  path: Assets/LowPolyTree.obj
  artifactKey: Guid(27cdbdc4cb37f3b4682b7cd47799a3f8) Importer(815301076,1909f56bfc062723c751e8b465ee728b)
Start importing Assets/LowPolyTree.obj using Guid(27cdbdc4cb37f3b4682b7cd47799a3f8) Importer(815301076,1909f56bfc062723c751e8b465ee728b)  -> (artifact id: 'b4cac4e367e02af429e2f0c460b0fb17') in 0.030257 seconds
Number of updated asset objects reloaded before import = 0
Number of asset objects unloaded after import = 11
========================================================================
Received Import Request.
  Time since last request: 28.925930 seconds.
  path: Assets/LowPolyTree.obj
  artifactKey: Guid(27cdbdc4cb37f3b4682b7cd47799a3f8) Importer(815301076,1909f56bfc062723c751e8b465ee728b)
Start importing Assets/LowPolyTree.obj using Guid(27cdbdc4cb37f3b4682b7cd47799a3f8) Importer(815301076,1909f56bfc062723c751e8b465ee728b)  -> (artifact id: 'bf90cc025f46f6a35d3a44bf3ea9ed89') in 0.023731 seconds
Number of updated asset objects reloaded before import = 0
Number of asset objects unloaded after import = 12
========================================================================
Received Import Request.
  Time since last request: 883.254032 seconds.
  path: Assets/New Terrain.asset
  artifactKey: Guid(22e3db2c74d0c30489948971d0544812) Importer(815301076,1909f56bfc062723c751e8b465ee728b)
Start importing Assets/New Terrain.asset using Guid(22e3db2c74d0c30489948971d0544812) Importer(815301076,1909f56bfc062723c751e8b465ee728b)  -> (artifact id: '388b54910d085079f538d8da357fb2e3') in 0.014255 seconds
Number of updated asset objects reloaded before import = 0
Number of asset objects unloaded after import = 20
========================================================================
Received Import Request.
  Time since last request: 1599.578964 seconds.
  path: Assets/New Terrain.asset
  artifactKey: Guid(22e3db2c74d0c30489948971d0544812) Importer(815301076,1909f56bfc062723c751e8b465ee728b)
Start importing Assets/New Terrain.asset using Guid(22e3db2c74d0c30489948971d0544812) Importer(815301076,1909f56bfc062723c751e8b465ee728b)  -> (artifact id: 'b879b7208e5eb46e4f7b8e07252603ad') in 0.010864 seconds
Number of updated asset objects reloaded before import = 0
Number of asset objects unloaded after import = 20
