Using pre-set license
Built from '2022.3/staging' branch; Version is '2022.3.2f1 (d74737c6db50) revision 14108471'; Using compiler version '192829333'; Build Type 'Release'
OS: 'Windows 11  (10.0.22631) 64bit Core' Language: 'en' Physical Memory: 16090 MB
BatchMode: 1, IsHumanControllingUs: 0, StartBugReporterOnCrash: 0, Is64bit: 1, IsPro: 1

COMMAND LINE ARGUMENTS:
C:\Program Files\Unity\Hub\Editor\2022.3.2f1\Editor\Unity.exe
-adb2
-batchMode
-noUpm
-name
AssetImportWorker0
-projectPath
C:/Users/ievar/Documents/GitHub/M2M-Golf
-logFile
Logs/AssetImportWorker0.log
-srvPort
60092
Successfully changed project path to: C:/Users/ievar/Documents/GitHub/M2M-Golf
C:/Users/ievar/Documents/GitHub/M2M-Golf
[UnityMemory] Configuration Parameters - Can be set up in boot.config
    "memorysetup-bucket-allocator-granularity=16"
    "memorysetup-bucket-allocator-bucket-count=8"
    "memorysetup-bucket-allocator-block-size=33554432"
    "memorysetup-bucket-allocator-block-count=8"
    "memorysetup-main-allocator-block-size=16777216"
    "memorysetup-thread-allocator-block-size=16777216"
    "memorysetup-gfx-main-allocator-block-size=16777216"
    "memorysetup-gfx-thread-allocator-block-size=16777216"
    "memorysetup-cache-allocator-block-size=4194304"
    "memorysetup-typetree-allocator-block-size=2097152"
    "memorysetup-profiler-bucket-allocator-granularity=16"
    "memorysetup-profiler-bucket-allocator-bucket-count=8"
    "memorysetup-profiler-bucket-allocator-block-size=33554432"
    "memorysetup-profiler-bucket-allocator-block-count=8"
    "memorysetup-profiler-allocator-block-size=16777216"
    "memorysetup-profiler-editor-allocator-block-size=1048576"
    "memorysetup-temp-allocator-size-main=16777216"
    "memorysetup-job-temp-allocator-block-size=2097152"
    "memorysetup-job-temp-allocator-block-size-background=1048576"
    "memorysetup-job-temp-allocator-reduction-small-platforms=262144"
    "memorysetup-allocator-temp-initial-block-size-main=262144"
    "memorysetup-allocator-temp-initial-block-size-worker=262144"
    "memorysetup-temp-allocator-size-background-worker=32768"
    "memorysetup-temp-allocator-size-job-worker=262144"
    "memorysetup-temp-allocator-size-preload-manager=33554432"
    "memorysetup-temp-allocator-size-nav-mesh-worker=65536"
    "memorysetup-temp-allocator-size-audio-worker=65536"
    "memorysetup-temp-allocator-size-cloud-worker=32768"
    "memorysetup-temp-allocator-size-gi-baking-worker=262144"
    "memorysetup-temp-allocator-size-gfx=262144"
Player connection [18840] Host "[IP] 192.168.4.86 [Port] 0 [Flags] 2 [Guid] 2461768743 [EditorId] 2461768743 [Version] 1048832 [Id] WindowsEditor(7,DESKTOP-QHOM71E) [Debug] 1 [PackageName] WindowsEditor [ProjectName] Editor" joined multi-casting on [225.0.0.222:54997]...

Player connection [18840] Host "[IP] 192.168.4.86 [Port] 0 [Flags] 2 [Guid] 2461768743 [EditorId] 2461768743 [Version] 1048832 [Id] WindowsEditor(7,DESKTOP-QHOM71E) [Debug] 1 [PackageName] WindowsEditor [ProjectName] Editor" joined alternative multi-casting on [225.0.0.222:34997]...

Refreshing native plugins compatible for Editor in 25.14 ms, found 4 plugins.
Preloading 0 native plugins for Editor in 0.00 ms.
Initialize engine version: 2022.3.2f1 (d74737c6db50)
[Subsystems] Discovering subsystems at path C:/Program Files/Unity/Hub/Editor/2022.3.2f1/Editor/Data/Resources/UnitySubsystems
[Subsystems] Discovering subsystems at path C:/Users/ievar/Documents/GitHub/M2M-Golf/Assets
GfxDevice: creating device client; threaded=0; jobified=0
Direct3D:
    Version:  Direct3D 11.0 [level 11.1]
    Renderer: Intel(R) Iris(R) Xe Graphics (ID=0x9a49)
    Vendor:   Intel
    VRAM:     8045 MB
    Driver:   31.0.101.4502
Initialize mono
Mono path[0] = 'C:/Program Files/Unity/Hub/Editor/2022.3.2f1/Editor/Data/Managed'
Mono path[1] = 'C:/Program Files/Unity/Hub/Editor/2022.3.2f1/Editor/Data/MonoBleedingEdge/lib/mono/unityjit-win32'
Mono config path = 'C:/Program Files/Unity/Hub/Editor/2022.3.2f1/Editor/Data/MonoBleedingEdge/etc'
Using monoOptions --debugger-agent=transport=dt_socket,embedding=1,server=y,suspend=n,address=127.0.0.1:56860
Begin MonoManager ReloadAssembly
Registering precompiled unity dll's ...
Register platform support module: C:/Program Files/Unity/Hub/Editor/2022.3.2f1/Editor/Data/PlaybackEngines/WindowsStandaloneSupport/UnityEditor.WindowsStandalone.Extensions.dll
Registered in 0.014240 seconds.
- Loaded All Assemblies, in  0.774 seconds
Native extension for WindowsStandalone target not found
Mono: successfully reloaded assembly
- Finished resetting the current domain, in  0.713 seconds
Domain Reload Profiling: 1484ms
	BeginReloadAssembly (176ms)
		ExecutionOrderSort (0ms)
		DisableScriptedObjects (0ms)
		BackupInstance (0ms)
		ReleaseScriptingObjects (0ms)
		CreateAndSetChildDomain (1ms)
	RebuildCommonClasses (85ms)
	RebuildNativeTypeToScriptingClass (29ms)
	initialDomainReloadingComplete (149ms)
	LoadAllAssembliesAndSetupDomain (330ms)
		LoadAssemblies (171ms)
		RebuildTransferFunctionScriptingTraits (0ms)
		AnalyzeDomain (317ms)
			TypeCache.Refresh (316ms)
				TypeCache.ScanAssembly (290ms)
			ScanForSourceGeneratedMonoScriptInfo (1ms)
			ResolveRequiredComponents (1ms)
	FinalizeReload (714ms)
		ReleaseScriptCaches (0ms)
		RebuildScriptCaches (0ms)
		SetupLoadedEditorAssemblies (569ms)
			LogAssemblyErrors (0ms)
			InitializePlatformSupportModulesInManaged (21ms)
			SetLoadedEditorAssemblies (18ms)
			RefreshPlugins (0ms)
			BeforeProcessingInitializeOnLoad (6ms)
			ProcessInitializeOnLoadAttributes (401ms)
			ProcessInitializeOnLoadMethodAttributes (123ms)
			AfterProcessingInitializeOnLoad (0ms)
			EditorAssembliesLoaded (0ms)
		ExecutionOrderSort2 (0ms)
		AwakeInstancesAfterBackupRestoration (0ms)
========================================================================
Worker process is ready to serve import requests
Begin MonoManager ReloadAssembly
Symbol file LoadedFromMemory doesn't match image C:\Users\ievar\Documents\GitHub\M2M-Golf\Library\PackageCache\com.unity.visualscripting@1.8.0\Editor\VisualScripting.Core\Dependencies\YamlDotNet\Unity.VisualScripting.YamlDotNet.dll
Symbol file LoadedFromMemory doesn't match image C:\Users\ievar\Documents\GitHub\M2M-Golf\Library\PackageCache\com.unity.visualscripting@1.8.0\Editor\VisualScripting.Core\Dependencies\DotNetZip\Unity.VisualScripting.IonicZip.dll
- Loaded All Assemblies, in  1.993 seconds
Refreshing native plugins compatible for Editor in 20.16 ms, found 4 plugins.
Native extension for WindowsStandalone target not found
Mono: successfully reloaded assembly
Package Manager log level set to [2]
[Package Manager] Server::EnsureServerProcessIsRunning -- launch failed, reason: Unity was launched with the -noUpm command-line argument
[Package Manager] UpmClient::Send -- Unable to send message (not connected to UPM process).
[Package Manager] Cannot connect to Unity Package Manager local server
[Package Manager] Server::EnsureServerProcessIsRunning -- launch failed, reason: Unity was launched with the -noUpm command-line argument
[Package Manager] UpmClient::Send -- Unable to send message (not connected to UPM process).
[Package Manager] Cannot connect to Unity Package Manager local server
- Finished resetting the current domain, in  1.568 seconds
Domain Reload Profiling: 3552ms
	BeginReloadAssembly (326ms)
		ExecutionOrderSort (0ms)
		DisableScriptedObjects (13ms)
		BackupInstance (0ms)
		ReleaseScriptingObjects (0ms)
		CreateAndSetChildDomain (46ms)
	RebuildCommonClasses (104ms)
	RebuildNativeTypeToScriptingClass (33ms)
	initialDomainReloadingComplete (117ms)
	LoadAllAssembliesAndSetupDomain (1403ms)
		LoadAssemblies (711ms)
		RebuildTransferFunctionScriptingTraits (0ms)
		AnalyzeDomain (837ms)
			TypeCache.Refresh (740ms)
				TypeCache.ScanAssembly (706ms)
			ScanForSourceGeneratedMonoScriptInfo (82ms)
			ResolveRequiredComponents (15ms)
	FinalizeReload (1569ms)
		ReleaseScriptCaches (0ms)
		RebuildScriptCaches (0ms)
		SetupLoadedEditorAssemblies (1086ms)
			LogAssemblyErrors (0ms)
			InitializePlatformSupportModulesInManaged (16ms)
			SetLoadedEditorAssemblies (13ms)
			RefreshPlugins (0ms)
			BeforeProcessingInitializeOnLoad (229ms)
			ProcessInitializeOnLoadAttributes (721ms)
			ProcessInitializeOnLoadMethodAttributes (90ms)
			AfterProcessingInitializeOnLoad (16ms)
			EditorAssembliesLoaded (0ms)
		ExecutionOrderSort2 (0ms)
		AwakeInstancesAfterBackupRestoration (17ms)
Launched and connected shader compiler UnityShaderCompiler.exe after 0.13 seconds
Refreshing native plugins compatible for Editor in 19.44 ms, found 4 plugins.
Preloading 0 native plugins for Editor in 0.00 ms.
Unloading 4344 Unused Serialized files (Serialized files now loaded: 0)
Unloading 77 unused Assets / (40.8 KB). Loaded Objects now: 4819.
Memory consumption went from 160.5 MB to 160.4 MB.
Total: 7.719800 ms (FindLiveObjects: 0.599300 ms CreateObjectMapping: 0.546600 ms MarkObjects: 6.374700 ms  DeleteObjects: 0.197400 ms)

AssetImportParameters requested are different than current active one (requested -> active):
  custom:container-demuxer-ogg: 62fdf1f143b41e24485cea50d1cbac27 -> 
  custom:video-codec-MediaFoundation-h265: 746d11721c4dcdbdad8f713fa42b33f4 -> 
  custom:video-decoder-ogg-theora: a1e56fd34408186e4bbccfd4996cb3dc -> 
  custom:framework-win-MediaFoundation: 216162199b28c13a410421893ffa2e32 -> 
  custom:container-demuxer-webm: 4f35f7cbe854078d1ac9338744f61a02 -> 
  custom:container-muxer-webm: aa71ff27fc2769a1b78a27578f13a17b -> 
  custom:video-decoder-webm-vp8: 9c59270c3fd7afecdb556c50c9e8de78 -> 
  custom:AudioImporter_EditorPlatform: d09bf68614088b80899f8185d706f6e7 -> 
  custom:video-encoder-webm-vp8: eb34c28f22e8b96e1ab97ce403110664 -> 
  custom:audio-decoder-ogg-vorbis: bf7c407c2cedff20999df2af8eb42d56 -> 
  custom:audio-encoder-webm-vorbis: bf7c407c2cedff20999df2af8eb42d56 -> 
========================================================================
Received Import Request.
  Time since last request: 120927.036231 seconds.
  path: Assets/New Terrain 1.asset
  artifactKey: Guid(687feee7102f72f4383c3a0061acfd7c) Importer(815301076,1909f56bfc062723c751e8b465ee728b)
Start importing Assets/New Terrain 1.asset using Guid(687feee7102f72f4383c3a0061acfd7c) Importer(815301076,1909f56bfc062723c751e8b465ee728b)  -> (artifact id: '4461861843451ece141992d7cbd5e70b') in 0.038074 seconds
Number of updated asset objects reloaded before import = 0
Number of asset objects unloaded after import = 1
========================================================================
Received Import Request.
  Time since last request: 2254.823990 seconds.
  path: Assets/New Terrain.asset
  artifactKey: Guid(22e3db2c74d0c30489948971d0544812) Importer(815301076,1909f56bfc062723c751e8b465ee728b)
Start importing Assets/New Terrain.asset using Guid(22e3db2c74d0c30489948971d0544812) Importer(815301076,1909f56bfc062723c751e8b465ee728b)  -> (artifact id: 'c1bc87a9ecc2bd7165b85d6f48017294') in 0.012774 seconds
Number of updated asset objects reloaded before import = 0
Number of asset objects unloaded after import = 1
========================================================================
Received Import Request.
  Time since last request: 922.280227 seconds.
  path: Assets/New Terrain.asset
  artifactKey: Guid(22e3db2c74d0c30489948971d0544812) Importer(815301076,1909f56bfc062723c751e8b465ee728b)
Start importing Assets/New Terrain.asset using Guid(22e3db2c74d0c30489948971d0544812) Importer(815301076,1909f56bfc062723c751e8b465ee728b)  -> (artifact id: '4f920be43f1ca6e2a0ffbdd96e5ebbfe') in 0.013080 seconds
Number of updated asset objects reloaded before import = 0
Number of asset objects unloaded after import = 1
========================================================================
Received Import Request.
  Time since last request: 17.742363 seconds.
  path: Assets/New Terrain.asset
  artifactKey: Guid(22e3db2c74d0c30489948971d0544812) Importer(815301076,1909f56bfc062723c751e8b465ee728b)
Start importing Assets/New Terrain.asset using Guid(22e3db2c74d0c30489948971d0544812) Importer(815301076,1909f56bfc062723c751e8b465ee728b)  -> (artifact id: 'b6a984b4109f38eaccededf6d4a6f3a8') in 0.012174 seconds
Number of updated asset objects reloaded before import = 0
Number of asset objects unloaded after import = 1
========================================================================
Received Import Request.
  Time since last request: 415.120512 seconds.
  path: Assets/New Terrain.asset
  artifactKey: Guid(22e3db2c74d0c30489948971d0544812) Importer(815301076,1909f56bfc062723c751e8b465ee728b)
Start importing Assets/New Terrain.asset using Guid(22e3db2c74d0c30489948971d0544812) Importer(815301076,1909f56bfc062723c751e8b465ee728b)  -> (artifact id: 'bd6a8859fd4e1915bd92384395595357') in 0.014561 seconds
Number of updated asset objects reloaded before import = 0
Number of asset objects unloaded after import = 1
========================================================================
Received Import Request.
  Time since last request: 56.373527 seconds.
  path: Assets/grass_Textures/shadow.png
  artifactKey: Guid(216a257dbf4e594418b5fe4417f16ed8) Importer(815301076,1909f56bfc062723c751e8b465ee728b)
Start importing Assets/grass_Textures/shadow.png using Guid(216a257dbf4e594418b5fe4417f16ed8) Importer(815301076,1909f56bfc062723c751e8b465ee728b)  -> (artifact id: '18071a7d45d30c4190d08496b3657c86') in 0.210450 seconds
Number of updated asset objects reloaded before import = 0
Number of asset objects unloaded after import = 3
========================================================================
Received Import Request.
  Time since last request: 422.778905 seconds.
  path: Assets/TextMesh Pro/Examples & Extras/Materials/Ground - Logo Scene.mat
  artifactKey: Guid(c719e38f25a9480abd2480ab621a2949) Importer(815301076,1909f56bfc062723c751e8b465ee728b)
Start importing Assets/TextMesh Pro/Examples & Extras/Materials/Ground - Logo Scene.mat using Guid(c719e38f25a9480abd2480ab621a2949) Importer(815301076,1909f56bfc062723c751e8b465ee728b)  -> (artifact id: 'ce53c0a83a2f92edf7f527f076e4e2b2') in 0.191638 seconds
Number of updated asset objects reloaded before import = 0
Number of asset objects unloaded after import = 2
========================================================================
Received Import Request.
  Time since last request: 43.901533 seconds.
  path: Assets/LowPolyTree.obj
  artifactKey: Guid(27cdbdc4cb37f3b4682b7cd47799a3f8) Importer(815301076,1909f56bfc062723c751e8b465ee728b)
Start importing Assets/LowPolyTree.obj using Guid(27cdbdc4cb37f3b4682b7cd47799a3f8) Importer(815301076,1909f56bfc062723c751e8b465ee728b)  -> (artifact id: '05549024dc56c337e2cbb4a217c6917c') in 0.078742 seconds
Number of updated asset objects reloaded before import = 0
Number of asset objects unloaded after import = 12
========================================================================
Received Import Request.
  Time since last request: 256.607509 seconds.
  path: Assets/New Terrain.asset
  artifactKey: Guid(22e3db2c74d0c30489948971d0544812) Importer(815301076,1909f56bfc062723c751e8b465ee728b)
Start importing Assets/New Terrain.asset using Guid(22e3db2c74d0c30489948971d0544812) Importer(815301076,1909f56bfc062723c751e8b465ee728b)  -> (artifact id: 'fc66287bce3de90aa4feeda98923608f') in 0.011032 seconds
Number of updated asset objects reloaded before import = 0
Number of asset objects unloaded after import = 1
========================================================================
Received Import Request.
  Time since last request: 63.732206 seconds.
  path: Assets/LowPolyTree.prefab
  artifactKey: Guid(11f10a1aa3fc67e4c9f64c5dfa07e0ea) Importer(815301076,1909f56bfc062723c751e8b465ee728b)
Start importing Assets/LowPolyTree.prefab using Guid(11f10a1aa3fc67e4c9f64c5dfa07e0ea) Importer(815301076,1909f56bfc062723c751e8b465ee728b)  -> (artifact id: '393de8e75434a12bd94a0bc2135c000d') in 0.017107 seconds
Number of updated asset objects reloaded before import = 0
Number of asset objects unloaded after import = 12
========================================================================
Received Import Request.
  Time since last request: 51.154904 seconds.
  path: Assets/Tree.prefab
  artifactKey: Guid(042200d872c0e8441a1ba8cd1a990f54) Importer(815301076,1909f56bfc062723c751e8b465ee728b)
Start importing Assets/Tree.prefab using Guid(042200d872c0e8441a1ba8cd1a990f54) Importer(815301076,1909f56bfc062723c751e8b465ee728b)  -> (artifact id: '0b84afc26e7dbe280c190b06764e788e') in 0.112697 seconds
Number of updated asset objects reloaded before import = 0
Number of asset objects unloaded after import = 15
========================================================================
Received Import Request.
  Time since last request: 86.617201 seconds.
  path: Assets/New Terrain.asset
  artifactKey: Guid(22e3db2c74d0c30489948971d0544812) Importer(815301076,1909f56bfc062723c751e8b465ee728b)
Start importing Assets/New Terrain.asset using Guid(22e3db2c74d0c30489948971d0544812) Importer(815301076,1909f56bfc062723c751e8b465ee728b) The tree LowPolyTree couldn't be instanced because the prefab contains no valid mesh renderer.
0x00007ff61de01fed (Unity) StackWalker::GetCurrentCallstack
0x00007ff61de06f99 (Unity) StackWalker::ShowCallstack
0x00007ff61edcf191 (Unity) GetStacktrace
0x00007ff61f491102 (Unity) DebugStringToFile
0x00007ff61e60900c (Unity) TreeDatabase::RefreshPrototypes
0x00007ff61e5dd643 (Unity) TerrainData::AwakeFromLoad
0x00007ff61ddde16f (Unity) AwakeFromLoadQueue::InvokePersistentManagerAwake
0x00007ff61dddee6c (Unity) AwakeFromLoadQueue::PersistentManagerAwakeFromLoad
0x00007ff61dddefd3 (Unity) AwakeFromLoadQueue::PersistentManagerAwakeFromLoad
0x00007ff61ddb0282 (Unity) PersistentManager::IntegrateAllThreadedObjects
0x00007ff61ddb0ba0 (Unity) PersistentManager::LoadAndIntegrateAllPreallocatedObjects
0x00007ff61ddb4f92 (Unity) PersistentManager::ReadObject
0x00007ff61f0aa113 (Unity) WritePreviews
0x00007ff61f0a122f (Unity) PreviewImporter::GenerateAssetData
0x00007ff61f0eb545 (Unity) ImportToObjects
0x00007ff61f0ea52c (Unity) ImportAsset
0x00007ff61f10f118 (Unity) AssetImportWorker::Import
0x00007ff61f176f52 (Unity) <lambda_183697078dc22ecb201e4599e9982eaf>::operator()
0x00007ff61f1b2b42 (Unity) asio::detail::completion_handler<core::mutable_function<void __cdecl(void)>,asio::io_context::basic_executor_type<std::allocator<void>,0> >::do_complete
0x00007ff61f19eaee (Unity) asio::detail::win_iocp_io_context::do_one
0x00007ff61f1a0754 (Unity) asio::detail::win_iocp_io_context::run
0x00007ff61f1b0eec (Unity) IOService::Run
0x00007ff61f1856af (Unity) AssetImportWorkerClient::Run
0x00007ff61f1503b7 (Unity) RunAssetImportWorkerClientV2
0x00007ff61f15043b (Unity) RunAssetImporterV2
0x00007ff61e956b41 (Unity) Application::InitializeProject
0x00007ff61edda4d5 (Unity) WinMain
0x00007ff6201bf34e (Unity) __scrt_common_main_seh
0x00007ffce840257d (KERNEL32) BaseThreadInitThunk
0x00007ffce920aa58 (ntdll) RtlUserThreadStart

 -> (artifact id: '0a458c85192ee1ca08f48d45c4451dd1') in 0.328071 seconds
Number of updated asset objects reloaded before import = 0
Number of asset objects unloaded after import = 10
